Using pre-set license
Built from '2020.3/release' branch; Version is '2020.3.34f1 (9a4c9c70452b) revision 10112156'; Using compiler version '192528614'; Build Type 'Release'
OS: 'Windows 11  (10.0.22631) 64bit Core' Language: 'en' Physical Memory: 16080 MB
BatchMode: 1, IsHumanControllingUs: 0, StartBugReporterOnCrash: 0, Is64bit: 1, IsPro: 0

COMMAND LINE ARGUMENTS:
C:\Program Files\Unity\Hub\Editor\2020.3.34f1\Editor\Unity.exe
-adb2
-batchMode
-noUpm
-name
AssetImportWorker0
-projectPath
C:/Users/marti/Desktop/Master HCI/T1/Fund of Extended Reality/PicoXR
-logFile
Logs/AssetImportWorker0.log
-srvPort
55289
Successfully changed project path to: C:/Users/marti/Desktop/Master HCI/T1/Fund of Extended Reality/PicoXR
C:/Users/marti/Desktop/Master HCI/T1/Fund of Extended Reality/PicoXR
Using Asset Import Pipeline V2.
Refreshing native plugins compatible for Editor in 37.62 ms, found 2 plugins.
Preloading 0 native plugins for Editor in 0.00 ms.
Initialize engine version: 2020.3.34f1 (9a4c9c70452b)
[Subsystems] Discovering subsystems at path C:/Program Files/Unity/Hub/Editor/2020.3.34f1/Editor/Data/Resources/UnitySubsystems
[Subsystems] Discovering subsystems at path C:/Users/marti/Desktop/Master HCI/T1/Fund of Extended Reality/PicoXR/Assets
GfxDevice: creating device client; threaded=0
Direct3D:
    Version:  Direct3D 11.0 [level 11.1]
    Renderer: Intel(R) Iris(R) Xe Graphics (ID=0x9a49)
    Vendor:   
    VRAM:     8040 MB
    Driver:   31.0.101.4032
Initialize mono
Mono path[0] = 'C:/Program Files/Unity/Hub/Editor/2020.3.34f1/Editor/Data/Managed'
Mono path[1] = 'C:/Program Files/Unity/Hub/Editor/2020.3.34f1/Editor/Data/MonoBleedingEdge/lib/mono/unityjit'
Mono config path = 'C:/Program Files/Unity/Hub/Editor/2020.3.34f1/Editor/Data/MonoBleedingEdge/etc'
Using monoOptions --debugger-agent=transport=dt_socket,embedding=1,server=y,suspend=n,address=127.0.0.1:56356
Begin MonoManager ReloadAssembly
Registering precompiled unity dll's ...
Register platform support module: C:/Program Files/Unity/Hub/Editor/2020.3.34f1/Editor/Data/PlaybackEngines/WebGLSupport/UnityEditor.WebGL.Extensions.dll
Register platform support module: C:/Program Files/Unity/Hub/Editor/2020.3.34f1/Editor/Data/PlaybackEngines/WindowsStandaloneSupport/UnityEditor.WindowsStandalone.Extensions.dll
Registered in 0.002262 seconds.
Native extension for WindowsStandalone target not found
Native extension for WebGL target not found
Refreshing native plugins compatible for Editor in 43.33 ms, found 2 plugins.
Preloading 0 native plugins for Editor in 0.00 ms.
Mono: successfully reloaded assembly
- Completed reload, in  0.670 seconds
Domain Reload Profiling:
	ReloadAssembly (671ms)
		BeginReloadAssembly (64ms)
			ExecutionOrderSort (0ms)
			DisableScriptedObjects (0ms)
			BackupInstance (0ms)
			ReleaseScriptingObjects (0ms)
			CreateAndSetChildDomain (1ms)
		EndReloadAssembly (538ms)
			LoadAssemblies (62ms)
			RebuildTransferFunctionScriptingTraits (0ms)
			SetupTypeCache (145ms)
			ReleaseScriptCaches (0ms)
			RebuildScriptCaches (37ms)
			SetupLoadedEditorAssemblies (225ms)
				LogAssemblyErrors (0ms)
				InitializePlatformSupportModulesInManaged (6ms)
				SetLoadedEditorAssemblies (0ms)
				RefreshPlugins (44ms)
				BeforeProcessingInitializeOnLoad (20ms)
				ProcessInitializeOnLoadAttributes (108ms)
				ProcessInitializeOnLoadMethodAttributes (46ms)
				AfterProcessingInitializeOnLoad (0ms)
				EditorAssembliesLoaded (0ms)
			ExecutionOrderSort2 (0ms)
			AwakeInstancesAfterBackupRestoration (0ms)
Platform modules already initialized, skipping
Registering precompiled user dll's ...
Registered in 0.005278 seconds.
Begin MonoManager ReloadAssembly
Native extension for WindowsStandalone target not found
Native extension for WebGL target not found
Refreshing native plugins compatible for Editor in 0.76 ms, found 2 plugins.
Preloading 0 native plugins for Editor in 0.00 ms.
[Build Check] RegisterBuildPlayerHandler,Already Do not show: False
UnityEngine.StackTraceUtility:ExtractStackTrace ()
UnityEngine.DebugLogHandler:LogFormat (UnityEngine.LogType,UnityEngine.Object,string,object[])
UnityEngine.Logger:Log (UnityEngine.LogType,object)
UnityEngine.Debug:Log (object)
Unity.XR.PXR.Editor.PXR_SDKBuildCheck:.cctor () (at PicoUnityXRSDK/Editor/PXR_SDKBuildCheck.cs:35)
System.Runtime.CompilerServices.RuntimeHelpers:RunClassConstructor (System.RuntimeTypeHandle)
UnityEditor.EditorAssemblies:ProcessInitializeOnLoadAttributes (System.Type[])

(Filename: PicoUnityXRSDK/Editor/PXR_SDKBuildCheck.cs Line: 35)

Mono: successfully reloaded assembly
- Completed reload, in  1.300 seconds
Domain Reload Profiling:
	ReloadAssembly (1302ms)
		BeginReloadAssembly (199ms)
			ExecutionOrderSort (0ms)
			DisableScriptedObjects (15ms)
			BackupInstance (0ms)
			ReleaseScriptingObjects (0ms)
			CreateAndSetChildDomain (22ms)
		EndReloadAssembly (1035ms)
			LoadAssemblies (120ms)
			RebuildTransferFunctionScriptingTraits (0ms)
			SetupTypeCache (292ms)
			ReleaseScriptCaches (0ms)
			RebuildScriptCaches (56ms)
			SetupLoadedEditorAssemblies (451ms)
				LogAssemblyErrors (0ms)
				InitializePlatformSupportModulesInManaged (11ms)
				SetLoadedEditorAssemblies (2ms)
				RefreshPlugins (1ms)
				BeforeProcessingInitializeOnLoad (127ms)
				ProcessInitializeOnLoadAttributes (285ms)
				ProcessInitializeOnLoadMethodAttributes (19ms)
				AfterProcessingInitializeOnLoad (6ms)
				EditorAssembliesLoaded (0ms)
			ExecutionOrderSort2 (0ms)
			AwakeInstancesAfterBackupRestoration (2ms)
Platform modules already initialized, skipping
========================================================================
Worker process is ready to serve import requests
Launched and connected shader compiler UnityShaderCompiler.exe after 0.06 seconds
Refreshing native plugins compatible for Editor in 0.40 ms, found 2 plugins.
Preloading 0 native plugins for Editor in 0.00 ms.
Unloading 1747 Unused Serialized files (Serialized files now loaded: 0)
System memory in use before: 77.4 MB.
System memory in use after: 77.4 MB.

Unloading 19 unused Assets to reduce memory usage. Loaded Objects now: 2181.
Total: 3.230000 ms (FindLiveObjects: 0.112000 ms CreateObjectMapping: 0.048400 ms MarkObjects: 2.957000 ms  DeleteObjects: 0.111000 ms)

AssetImportParameters requested are different than current active one (requested -> active):
  custom:framework-win-MediaFoundation: 216162199b28c13a410421893ffa2e32 -> 
  custom:video-decoder-ogg-theora: a1e56fd34408186e4bbccfd4996cb3dc -> 
  custom:container-muxer-webm: aa71ff27fc2769a1b78a27578f13a17b -> 
  custom:container-demuxer-webm: 4f35f7cbe854078d1ac9338744f61a02 -> 
  custom:container-demuxer-ogg: 62fdf1f143b41e24485cea50d1cbac27 -> 
  custom:video-encoder-webm-vp8: eb34c28f22e8b96e1ab97ce403110664 -> 
  custom:video-codec-MediaFoundation-h265: e54d7ab0439102e2317fc1e4b246158d -> 
  custom:video-decoder-webm-vp8: 9c59270c3fd7afecdb556c50c9e8de78 -> 
  custom:audio-decoder-ogg-vorbis: bf7c407c2cedff20999df2af8eb42d56 -> 
  custom:audio-encoder-webm-vorbis: bf7c407c2cedff20999df2af8eb42d56 -> 
========================================================================
Received Import Request.
  path: Assets/XR
  artifactKey: Guid(e5a8472e1fdc99c4f96b822b90e63f61) Importer(815301076,1909f56bfc062723c751e8b465ee728b)
Start importing Assets/XR using Guid(e5a8472e1fdc99c4f96b822b90e63f61) Importer(815301076,1909f56bfc062723c751e8b465ee728b)  -> (artifact id: '42274cb76c20da3cb3b040bce0db838f') in 0.022094 seconds 
========================================================================
Received Prepare
Switching build target platform(13) subTarget(537395200) extendedPlatform(0) -> platform(13) subTarget(524288) extendedPlatform(0)
Refreshing native plugins compatible for Editor in 2.92 ms, found 2 plugins.
Preloading 0 native plugins for Editor in 0.00 ms.
Unloading 10 Unused Serialized files (Serialized files now loaded: 0)
System memory in use before: 42.5 MB.
System memory in use after: 42.5 MB.

Unloading 10 unused Assets to reduce memory usage. Loaded Objects now: 2181.
Total: 3.280700 ms (FindLiveObjects: 0.205700 ms CreateObjectMapping: 0.067000 ms MarkObjects: 2.957100 ms  DeleteObjects: 0.050100 ms)

AssetImportParameters requested are different than current active one (requested -> active):
  buildTarget: platform 13, subtarget 524288, extendedPlatform 0 -> platform 13, subtarget 537395200, extendedPlatform 0
  graphicsApiMask: 2048 -> 2099200
  custom:framework-win-MediaFoundation: 216162199b28c13a410421893ffa2e32 -> 
  custom:video-decoder-ogg-theora: a1e56fd34408186e4bbccfd4996cb3dc -> 
  custom:container-muxer-webm: aa71ff27fc2769a1b78a27578f13a17b -> 
  custom:container-demuxer-webm: 4f35f7cbe854078d1ac9338744f61a02 -> 
  custom:container-demuxer-ogg: 62fdf1f143b41e24485cea50d1cbac27 -> 
  custom:video-encoder-webm-vp8: eb34c28f22e8b96e1ab97ce403110664 -> 
  custom:video-codec-MediaFoundation-h265: e54d7ab0439102e2317fc1e4b246158d -> 
  custom:video-decoder-webm-vp8: 9c59270c3fd7afecdb556c50c9e8de78 -> 
  custom:audio-decoder-ogg-vorbis: bf7c407c2cedff20999df2af8eb42d56 -> 
  custom:audio-encoder-webm-vorbis: bf7c407c2cedff20999df2af8eb42d56 -> 
========================================================================
Received Prepare
Refreshing native plugins compatible for Editor in 7.12 ms, found 2 plugins.
Preloading 0 native plugins for Editor in 0.00 ms.
Unloading 10 Unused Serialized files (Serialized files now loaded: 0)
System memory in use before: 42.5 MB.
System memory in use after: 42.5 MB.

Unloading 10 unused Assets to reduce memory usage. Loaded Objects now: 2181.
Total: 9.698200 ms (FindLiveObjects: 0.221900 ms CreateObjectMapping: 0.098000 ms MarkObjects: 9.202800 ms  DeleteObjects: 0.171700 ms)

AssetImportParameters requested are different than current active one (requested -> active):
  custom:framework-win-MediaFoundation: 216162199b28c13a410421893ffa2e32 -> 
  custom:video-decoder-ogg-theora: a1e56fd34408186e4bbccfd4996cb3dc -> 
  custom:container-muxer-webm: aa71ff27fc2769a1b78a27578f13a17b -> 
  custom:container-demuxer-webm: 4f35f7cbe854078d1ac9338744f61a02 -> 
  custom:container-demuxer-ogg: 62fdf1f143b41e24485cea50d1cbac27 -> 
  custom:video-encoder-webm-vp8: eb34c28f22e8b96e1ab97ce403110664 -> 
  custom:video-codec-MediaFoundation-h265: e54d7ab0439102e2317fc1e4b246158d -> 
  custom:video-decoder-webm-vp8: 9c59270c3fd7afecdb556c50c9e8de78 -> 
  custom:audio-decoder-ogg-vorbis: bf7c407c2cedff20999df2af8eb42d56 -> 
  custom:audio-encoder-webm-vorbis: bf7c407c2cedff20999df2af8eb42d56 -> 
========================================================================
Received Prepare
Refreshing native plugins compatible for Editor in 5.63 ms, found 2 plugins.
Preloading 0 native plugins for Editor in 0.00 ms.
Unloading 10 Unused Serialized files (Serialized files now loaded: 0)
System memory in use before: 42.5 MB.
System memory in use after: 42.5 MB.

Unloading 10 unused Assets to reduce memory usage. Loaded Objects now: 2181.
Total: 5.701700 ms (FindLiveObjects: 0.219000 ms CreateObjectMapping: 0.090900 ms MarkObjects: 5.298500 ms  DeleteObjects: 0.091800 ms)

AssetImportParameters requested are different than current active one (requested -> active):
  custom:framework-win-MediaFoundation: 216162199b28c13a410421893ffa2e32 -> 
  custom:video-decoder-ogg-theora: a1e56fd34408186e4bbccfd4996cb3dc -> 
  custom:container-muxer-webm: aa71ff27fc2769a1b78a27578f13a17b -> 
  custom:container-demuxer-webm: 4f35f7cbe854078d1ac9338744f61a02 -> 
  custom:container-demuxer-ogg: 62fdf1f143b41e24485cea50d1cbac27 -> 
  custom:video-encoder-webm-vp8: eb34c28f22e8b96e1ab97ce403110664 -> 
  custom:video-codec-MediaFoundation-h265: e54d7ab0439102e2317fc1e4b246158d -> 
  custom:video-decoder-webm-vp8: 9c59270c3fd7afecdb556c50c9e8de78 -> 
  custom:audio-decoder-ogg-vorbis: bf7c407c2cedff20999df2af8eb42d56 -> 
  custom:audio-encoder-webm-vorbis: bf7c407c2cedff20999df2af8eb42d56 -> 
========================================================================
Received Prepare
Refreshing native plugins compatible for Editor in 3.01 ms, found 2 plugins.
Preloading 0 native plugins for Editor in 0.00 ms.
Unloading 10 Unused Serialized files (Serialized files now loaded: 0)
System memory in use before: 42.5 MB.
System memory in use after: 42.5 MB.

Unloading 10 unused Assets to reduce memory usage. Loaded Objects now: 2181.
Total: 3.711700 ms (FindLiveObjects: 0.227000 ms CreateObjectMapping: 0.094900 ms MarkObjects: 3.330000 ms  DeleteObjects: 0.058100 ms)

AssetImportParameters requested are different than current active one (requested -> active):
  custom:framework-win-MediaFoundation: 216162199b28c13a410421893ffa2e32 -> 
  custom:video-decoder-ogg-theora: a1e56fd34408186e4bbccfd4996cb3dc -> 
  custom:container-muxer-webm: aa71ff27fc2769a1b78a27578f13a17b -> 
  custom:container-demuxer-webm: 4f35f7cbe854078d1ac9338744f61a02 -> 
  custom:container-demuxer-ogg: 62fdf1f143b41e24485cea50d1cbac27 -> 
  custom:video-encoder-webm-vp8: eb34c28f22e8b96e1ab97ce403110664 -> 
  custom:video-codec-MediaFoundation-h265: e54d7ab0439102e2317fc1e4b246158d -> 
  custom:video-decoder-webm-vp8: 9c59270c3fd7afecdb556c50c9e8de78 -> 
  custom:audio-decoder-ogg-vorbis: bf7c407c2cedff20999df2af8eb42d56 -> 
  custom:audio-encoder-webm-vorbis: bf7c407c2cedff20999df2af8eb42d56 -> 
========================================================================
Received Prepare
Refreshing native plugins compatible for Editor in 7.49 ms, found 2 plugins.
Preloading 0 native plugins for Editor in 0.00 ms.
Unloading 10 Unused Serialized files (Serialized files now loaded: 0)
System memory in use before: 42.5 MB.
System memory in use after: 42.6 MB.

Unloading 10 unused Assets to reduce memory usage. Loaded Objects now: 2181.
Total: 3.928200 ms (FindLiveObjects: 0.227700 ms CreateObjectMapping: 0.119200 ms MarkObjects: 3.506800 ms  DeleteObjects: 0.072500 ms)

AssetImportParameters requested are different than current active one (requested -> active):
  custom:framework-win-MediaFoundation: 216162199b28c13a410421893ffa2e32 -> 
  custom:video-decoder-ogg-theora: a1e56fd34408186e4bbccfd4996cb3dc -> 
  custom:container-muxer-webm: aa71ff27fc2769a1b78a27578f13a17b -> 
  custom:container-demuxer-webm: 4f35f7cbe854078d1ac9338744f61a02 -> 
  custom:container-demuxer-ogg: 62fdf1f143b41e24485cea50d1cbac27 -> 
  custom:video-encoder-webm-vp8: eb34c28f22e8b96e1ab97ce403110664 -> 
  custom:video-codec-MediaFoundation-h265: e54d7ab0439102e2317fc1e4b246158d -> 
  custom:video-decoder-webm-vp8: 9c59270c3fd7afecdb556c50c9e8de78 -> 
  custom:audio-decoder-ogg-vorbis: bf7c407c2cedff20999df2af8eb42d56 -> 
  custom:audio-encoder-webm-vorbis: bf7c407c2cedff20999df2af8eb42d56 -> 
========================================================================
Received Import Request.
  Time since last request: 1738.570810 seconds.
  path: Assets/XR/XRGeneralSettings.asset
  artifactKey: Guid(33d450feb0a188641825f3003d94cff6) Importer(815301076,1909f56bfc062723c751e8b465ee728b)
Start importing Assets/XR/XRGeneralSettings.asset using Guid(33d450feb0a188641825f3003d94cff6) Importer(815301076,1909f56bfc062723c751e8b465ee728b)  -> (artifact id: 'c8c91704f5f2a1a76b0ac6be5b1307db') in 0.125237 seconds 
========================================================================
Received Import Request.
  Time since last request: 8.914416 seconds.
  path: Assets/XR/Settings
  artifactKey: Guid(0ba51a94a87e5684dbe3deee19fd52b5) Importer(815301076,1909f56bfc062723c751e8b465ee728b)
Start importing Assets/XR/Settings using Guid(0ba51a94a87e5684dbe3deee19fd52b5) Importer(815301076,1909f56bfc062723c751e8b465ee728b)  -> (artifact id: '42c337f1f5e9eb7d1582f5346a43e163') in 0.022247 seconds 
========================================================================
Received Import Request.
  Time since last request: 1.994622 seconds.
  path: Assets/XR/Loaders
  artifactKey: Guid(b2a663870ff74c24a9b881d35854a81e) Importer(815301076,1909f56bfc062723c751e8b465ee728b)
Start importing Assets/XR/Loaders using Guid(b2a663870ff74c24a9b881d35854a81e) Importer(815301076,1909f56bfc062723c751e8b465ee728b)  -> (artifact id: 'f7ac8dae9fafd9159959320b20b21f64') in 0.023473 seconds 
========================================================================
Received Import Request.
  Time since last request: 0.046442 seconds.
  path: Assets/XR/Loaders/PXR Loader.asset
  artifactKey: Guid(d1828d5fbdcab7b45a0a50d138363c6f) Importer(815301076,1909f56bfc062723c751e8b465ee728b)
Start importing Assets/XR/Loaders/PXR Loader.asset using Guid(d1828d5fbdcab7b45a0a50d138363c6f) Importer(815301076,1909f56bfc062723c751e8b465ee728b)  -> (artifact id: '80a3c07956e9445e6d6f78d7f2bc389d') in 0.019990 seconds 
========================================================================
Received Import Request.
  Time since last request: 19.530620 seconds.
  path: Packages/com.unity.xr.picoxr
  artifactKey: Guid(249dab0aa60a8cbb02d82d07a7823a3b) Importer(815301076,1909f56bfc062723c751e8b465ee728b)
Start importing Packages/com.unity.xr.picoxr using Guid(249dab0aa60a8cbb02d82d07a7823a3b) Importer(815301076,1909f56bfc062723c751e8b465ee728b)  -> (artifact id: '57d6be76e35f903afc8579ef48d7c9c3') in 0.021493 seconds 
========================================================================
Received Import Request.
  Time since last request: 0.083560 seconds.
  path: Packages/com.unity.xr.picoxr/package.json
  artifactKey: Guid(7559ece3fe26f924092cb239c284f4fb) Importer(815301076,1909f56bfc062723c751e8b465ee728b)
Start importing Packages/com.unity.xr.picoxr/package.json using Guid(7559ece3fe26f924092cb239c284f4fb) Importer(815301076,1909f56bfc062723c751e8b465ee728b)  -> (artifact id: 'fa5b5590d55f01a7e5a7ca66bf22fbcc') in 0.027218 seconds 
========================================================================
Received Import Request.
  Time since last request: 1.498185 seconds.
  path: Packages/com.unity.xr.picoxr/Assets
  artifactKey: Guid(937928d0918820c4684e7d51ddb89ee1) Importer(815301076,1909f56bfc062723c751e8b465ee728b)
Start importing Packages/com.unity.xr.picoxr/Assets using Guid(937928d0918820c4684e7d51ddb89ee1) Importer(815301076,1909f56bfc062723c751e8b465ee728b)  -> (artifact id: '394ac9b0a89870789f69d82c2e482ec8') in 0.021374 seconds 
========================================================================
Received Import Request.
  Time since last request: 1.436103 seconds.
  path: Packages/com.unity.xr.picoxr/Assets/Resources
  artifactKey: Guid(5dcdbe56c29c68d4283319346098b525) Importer(815301076,1909f56bfc062723c751e8b465ee728b)
Start importing Packages/com.unity.xr.picoxr/Assets/Resources using Guid(5dcdbe56c29c68d4283319346098b525) Importer(815301076,1909f56bfc062723c751e8b465ee728b)  -> (artifact id: '058c70f3095ed42197acdccff6560956') in 0.018347 seconds 
========================================================================
Received Import Request.
  Time since last request: 0.056149 seconds.
  path: Packages/com.unity.xr.picoxr/Assets/Resources/green.mat
  artifactKey: Guid(a8add734d9059af4c9838ae47ddc91e7) Importer(815301076,1909f56bfc062723c751e8b465ee728b)
Start importing Packages/com.unity.xr.picoxr/Assets/Resources/green.mat using Guid(a8add734d9059af4c9838ae47ddc91e7) Importer(815301076,1909f56bfc062723c751e8b465ee728b)  -> (artifact id: '1f5a5e0c038877ba7eda24c5dbbfae63') in 0.274529 seconds 
========================================================================
Received Import Request.
  Time since last request: 0.000365 seconds.
  path: Packages/com.unity.xr.picoxr/Assets/Resources/plane.mat
  artifactKey: Guid(c9713f0bb9fce594ca9c086300752f59) Importer(815301076,1909f56bfc062723c751e8b465ee728b)
Start importing Packages/com.unity.xr.picoxr/Assets/Resources/plane.mat using Guid(c9713f0bb9fce594ca9c086300752f59) Importer(815301076,1909f56bfc062723c751e8b465ee728b)  -> (artifact id: 'ad450e8ed1df20267221bc41ac136aeb') in 0.136804 seconds 
========================================================================
Received Import Request.
  Time since last request: 0.000178 seconds.
  path: Packages/com.unity.xr.picoxr/Assets/Resources/grid.jpg
  artifactKey: Guid(02b48b9ce5077ab4dad3610ab31cec68) Importer(815301076,1909f56bfc062723c751e8b465ee728b)
Start importing Packages/com.unity.xr.picoxr/Assets/Resources/grid.jpg using Guid(02b48b9ce5077ab4dad3610ab31cec68) Importer(815301076,1909f56bfc062723c751e8b465ee728b)  -> (artifact id: '42dcc7ad72955d14f29b1f72d827084e') in 0.102793 seconds 
========================================================================
Received Import Request.
  Time since last request: 0.000232 seconds.
  path: Packages/com.unity.xr.picoxr/Assets/Resources/unlitcontroller.mat
  artifactKey: Guid(ea5d1bb890cef78439598b7062576fa3) Importer(815301076,1909f56bfc062723c751e8b465ee728b)
Start importing Packages/com.unity.xr.picoxr/Assets/Resources/unlitcontroller.mat using Guid(ea5d1bb890cef78439598b7062576fa3) Importer(815301076,1909f56bfc062723c751e8b465ee728b)  -> (artifact id: 'a03c3af110dda0f98e0048846e2d14e3') in 0.067220 seconds 
========================================================================
Received Import Request.
  Time since last request: 0.000200 seconds.
  path: Packages/com.unity.xr.picoxr/Assets/Resources/ProjectSetting.asset
  artifactKey: Guid(a097454a518cee84cbcfb96d1ef766c6) Importer(815301076,1909f56bfc062723c751e8b465ee728b)
Start importing Packages/com.unity.xr.picoxr/Assets/Resources/ProjectSetting.asset using Guid(a097454a518cee84cbcfb96d1ef766c6) Importer(815301076,1909f56bfc062723c751e8b465ee728b)  -> (artifact id: '5d5adb0b7a095d86e64ef415bb256432') in 0.021288 seconds 
========================================================================
Received Import Request.
  Time since last request: 0.000346 seconds.
  path: Packages/com.unity.xr.picoxr/Assets/Resources/PlatformSetting.asset
  artifactKey: Guid(cbbcab4edc124d246ade2919356a46c9) Importer(815301076,1909f56bfc062723c751e8b465ee728b)
Start importing Packages/com.unity.xr.picoxr/Assets/Resources/PlatformSetting.asset using Guid(cbbcab4edc124d246ade2919356a46c9) Importer(815301076,1909f56bfc062723c751e8b465ee728b)  -> (artifact id: 'b87ee5531df7259e201e167334aefd7c') in 0.020705 seconds 
========================================================================
Received Import Request.
  Time since last request: 0.000213 seconds.
  path: Packages/com.unity.xr.picoxr/Assets/Resources/standardcontroller.mat
  artifactKey: Guid(4c2b2924173d4814f886ea72b5c47f69) Importer(815301076,1909f56bfc062723c751e8b465ee728b)
Start importing Packages/com.unity.xr.picoxr/Assets/Resources/standardcontroller.mat using Guid(4c2b2924173d4814f886ea72b5c47f69) Importer(815301076,1909f56bfc062723c751e8b465ee728b)  -> (artifact id: '9fe94998210e21fb051854023105d9d9') in 0.043007 seconds 
========================================================================
Received Import Request.
  Time since last request: 0.000237 seconds.
  path: Packages/com.unity.xr.picoxr/Assets/Resources/UnderlayHole.mat
  artifactKey: Guid(aaee3c9c8cbe51c4b9846a17fb7d1602) Importer(815301076,1909f56bfc062723c751e8b465ee728b)
Start importing Packages/com.unity.xr.picoxr/Assets/Resources/UnderlayHole.mat using Guid(aaee3c9c8cbe51c4b9846a17fb7d1602) Importer(815301076,1909f56bfc062723c751e8b465ee728b)  -> (artifact id: 'ea28c89b48034d017fbe25b54d985ad8') in 0.065890 seconds 
========================================================================
Received Import Request.
  Time since last request: 0.000307 seconds.
  path: Packages/com.unity.xr.picoxr/Assets/Resources/PXR_SDKSettingAsset.asset
  artifactKey: Guid(5e2b63ee88aa8ca44ab82e99b89b49d6) Importer(815301076,1909f56bfc062723c751e8b465ee728b)
Start importing Packages/com.unity.xr.picoxr/Assets/Resources/PXR_SDKSettingAsset.asset using Guid(5e2b63ee88aa8ca44ab82e99b89b49d6) Importer(815301076,1909f56bfc062723c751e8b465ee728b)  -> (artifact id: '64870f712833e8addc45453997f5bde8') in 0.023124 seconds 
========================================================================
Received Import Request.
  Time since last request: 7.168294 seconds.
  path: Packages/com.unity.xr.picoxr/Assets/Resources/Prefabs
  artifactKey: Guid(cca971b3f1425104f9f4ddba9f6eac29) Importer(815301076,1909f56bfc062723c751e8b465ee728b)
Start importing Packages/com.unity.xr.picoxr/Assets/Resources/Prefabs using Guid(cca971b3f1425104f9f4ddba9f6eac29) Importer(815301076,1909f56bfc062723c751e8b465ee728b)  -> (artifact id: '5071a822a3bee668566517f6c7e8b2dd') in 0.022097 seconds 
========================================================================
Received Import Request.
  Time since last request: 0.077511 seconds.
  path: Packages/com.unity.xr.picoxr/Assets/Resources/Prefabs/FPS.prefab
  artifactKey: Guid(51f66df82c1028843b96b4e9d8855560) Importer(815301076,1909f56bfc062723c751e8b465ee728b)
Start importing Packages/com.unity.xr.picoxr/Assets/Resources/Prefabs/FPS.prefab using Guid(51f66df82c1028843b96b4e9d8855560) Importer(815301076,1909f56bfc062723c751e8b465ee728b)  -> (artifact id: 'ccb6e67f0b28d09165f179781de8e83c') in 0.035899 seconds 
========================================================================
Received Import Request.
  Time since last request: 0.000356 seconds.
  path: Packages/com.unity.xr.picoxr/Assets/Resources/Prefabs/RightControllerModel .prefab
  artifactKey: Guid(94f7925a0585b274fbc5fe6b8f9b1f4e) Importer(815301076,1909f56bfc062723c751e8b465ee728b)
Start importing Packages/com.unity.xr.picoxr/Assets/Resources/Prefabs/RightControllerModel .prefab using Guid(94f7925a0585b274fbc5fe6b8f9b1f4e) Importer(815301076,1909f56bfc062723c751e8b465ee728b)  -> (artifact id: '206a4da0ad5def352a4767644b492416') in 0.048517 seconds 
========================================================================
Received Import Request.
  Time since last request: 0.000337 seconds.
  path: Packages/com.unity.xr.picoxr/Assets/Resources/Prefabs/LeftControllerModel.prefab
  artifactKey: Guid(d792b21ba2f3e6e4ba026384d6d6536f) Importer(815301076,1909f56bfc062723c751e8b465ee728b)
Start importing Packages/com.unity.xr.picoxr/Assets/Resources/Prefabs/LeftControllerModel.prefab using Guid(d792b21ba2f3e6e4ba026384d6d6536f) Importer(815301076,1909f56bfc062723c751e8b465ee728b)  -> (artifact id: '4249eaf98df1ecf233d7f6064660d7f9') in 0.039379 seconds 
========================================================================
Received Prepare
Refreshing native plugins compatible for Editor in 5.61 ms, found 2 plugins.
Preloading 0 native plugins for Editor in 0.00 ms.
Unloading 10 Unused Serialized files (Serialized files now loaded: 0)
System memory in use before: 47.0 MB.
System memory in use after: 47.1 MB.

Unloading 10 unused Assets to reduce memory usage. Loaded Objects now: 2228.
Total: 5.388300 ms (FindLiveObjects: 0.217800 ms CreateObjectMapping: 0.088800 ms MarkObjects: 5.008600 ms  DeleteObjects: 0.071600 ms)

AssetImportParameters requested are different than current active one (requested -> active):
  custom:framework-win-MediaFoundation: 216162199b28c13a410421893ffa2e32 -> 
  custom:video-decoder-ogg-theora: a1e56fd34408186e4bbccfd4996cb3dc -> 
  custom:container-muxer-webm: aa71ff27fc2769a1b78a27578f13a17b -> 
  custom:container-demuxer-webm: 4f35f7cbe854078d1ac9338744f61a02 -> 
  custom:container-demuxer-ogg: 62fdf1f143b41e24485cea50d1cbac27 -> 
  custom:video-encoder-webm-vp8: eb34c28f22e8b96e1ab97ce403110664 -> 
  custom:video-codec-MediaFoundation-h265: e54d7ab0439102e2317fc1e4b246158d -> 
  custom:video-decoder-webm-vp8: 9c59270c3fd7afecdb556c50c9e8de78 -> 
  custom:audio-decoder-ogg-vorbis: bf7c407c2cedff20999df2af8eb42d56 -> 
  custom:audio-encoder-webm-vorbis: bf7c407c2cedff20999df2af8eb42d56 -> 
========================================================================
Received Prepare
Refreshing native plugins compatible for Editor in 4.00 ms, found 2 plugins.
Preloading 0 native plugins for Editor in 0.00 ms.
Unloading 10 Unused Serialized files (Serialized files now loaded: 0)
System memory in use before: 47.1 MB.
System memory in use after: 47.1 MB.

Unloading 10 unused Assets to reduce memory usage. Loaded Objects now: 2228.
Total: 2.958100 ms (FindLiveObjects: 0.156100 ms CreateObjectMapping: 0.045300 ms MarkObjects: 2.707200 ms  DeleteObjects: 0.048200 ms)

AssetImportParameters requested are different than current active one (requested -> active):
  custom:framework-win-MediaFoundation: 216162199b28c13a410421893ffa2e32 -> 
  custom:video-decoder-ogg-theora: a1e56fd34408186e4bbccfd4996cb3dc -> 
  custom:container-muxer-webm: aa71ff27fc2769a1b78a27578f13a17b -> 
  custom:container-demuxer-webm: 4f35f7cbe854078d1ac9338744f61a02 -> 
  custom:container-demuxer-ogg: 62fdf1f143b41e24485cea50d1cbac27 -> 
  custom:video-encoder-webm-vp8: eb34c28f22e8b96e1ab97ce403110664 -> 
  custom:video-codec-MediaFoundation-h265: e54d7ab0439102e2317fc1e4b246158d -> 
  custom:video-decoder-webm-vp8: 9c59270c3fd7afecdb556c50c9e8de78 -> 
  custom:audio-decoder-ogg-vorbis: bf7c407c2cedff20999df2af8eb42d56 -> 
  custom:audio-encoder-webm-vorbis: bf7c407c2cedff20999df2af8eb42d56 -> 
AssetImportWorkerClient::OnTransportError - code=2 error=End of file
